build/outputs/logs/manifest-merger-debug-report.txt
-- Merging decision tree log ---
manifest
ADDED from Java/ChessVisionPlus/AndroidManifest.xml:2:1-20:12
	package
		ADDED from Java/ChessVisionPlus/AndroidManifest.xml:3:5-48
	android:versionName
		ADDED from Java/ChessVisionPlus/AndroidManifest.xml:5:5-30
		INJECTED from Java/ChessVisionPlus/AndroidManifest.xml
		INJECTED from Java/ChessVisionPlus/AndroidManifest.xml
	android:versionCode
		ADDED from Java/ChessVisionPlus/AndroidManifest.xml:4:5-28
		INJECTED from Java/ChessVisionPlus/AndroidManifest.xml
		INJECTED from Java/ChessVisionPlus/AndroidManifest.xml
	xmlns:android
		ADDED from Java/ChessVisionPlus/AndroidManifest.xml:2:11-69
uses-sdk
ADDED from Java/ChessVisionPlus/AndroidManifest.xml:7:2-70
	android:targetSdkVersion
		ADDED from Java/ChessVisionPlus/AndroidManifest.xml:7:39-68
	android:minSdkVersion
		ADDED from Java/ChessVisionPlus/AndroidManifest.xml:7:12-38
application
ADDED from Java/ChessVisionPlus/AndroidManifest.xml:8:2-19:16
	android:label
		ADDED from Java/ChessVisionPlus/AndroidManifest.xml:9:3-35
	android:icon
		ADDED from Java/ChessVisionPlus/AndroidManifest.xml:10:3-36
activity#com.jaylecavalier.chessvisionplus.DefaultActivity
ADDED from Java/ChessVisionPlus/AndroidManifest.xml:11:3-18:14
	android:label
		ADDED from Java/ChessVisionPlus/AndroidManifest.xml:13:6-38
	android:name
		ADDED from Java/ChessVisionPlus/AndroidManifest.xml:12:6-36
intent-filter#android.intent.action.MAIN+android.intent.category.LAUNCHER
ADDED from Java/ChessVisionPlus/AndroidManifest.xml:14:6-17:22
action#android.intent.action.MAIN
ADDED from Java/ChessVisionPlus/AndroidManifest.xml:15:7-58
	android:name
		ADDED from Java/ChessVisionPlus/AndroidManifest.xml:15:15-56
category#android.intent.category.LAUNCHER
ADDED from Java/ChessVisionPlus/AndroidManifest.xml:16:7-66
	android:name
		ADDED from Java/ChessVisionPlus/AndroidManifest.xml:16:17-64